This file contains any messages produced by compilers while
running configure, to aid debugging if configure makes a mistake.

It was created by cairo configure 1.12.2, which was
generated by GNU Autoconf 2.69.  Invocation command line was

  $ ./configure 

## --------- ##
## Platform. ##
## --------- ##

hostname = q56
uname -m = i686
uname -r = 4.13.0-26-generic
uname -s = Linux
uname -v = #29~16.04.2-Ubuntu SMP Tue Jan 9 21:38:24 UTC 2018

/usr/bin/uname -p = unknown
/bin/uname -X     = unknown

/bin/arch              = unknown
/usr/bin/arch -k       = unknown
/usr/convex/getsysinfo = unknown
/usr/bin/hostinfo      = unknown
/bin/machine           = unknown
/usr/bin/oslevel       = unknown
/bin/universe          = unknown

PATH: /home/q56/bin
PATH: /home/q56/.local/bin
PATH: /usr/local/sbin
PATH: /usr/local/bin
PATH: /usr/sbin
PATH: /usr/bin
PATH: /sbin
PATH: /bin
PATH: /usr/games
PATH: /usr/local/games
PATH: /snap/bin
PATH: /home/q56/bld/clutter-android/android-ndk-r8c
PATH: /home/q56/bld/clutter-android/toolchain/bin
PATH: /home/q56/bld/clutter-android/android-sdk-linux/tools
PATH: /home/q56/bld/clutter-android/android-sdk-linux/platform-tools
PATH: /home/q56/bld/clutter-android/android-ndk-r10d


## ----------- ##
## Core tests. ##
## ----------- ##

configure:3258: checking for gcc
configure:3285: result: arm-linux-androideabi-gcc
configure:3514: checking for C compiler version
configure:3523: arm-linux-androideabi-gcc --version >&5
arm-linux-androideabi-gcc (GCC) 4.9 20140827 (prerelease)
Copyright (C) 2014 Free Software Foundation, Inc.
This is free software; see the source for copying conditions.  There is NO
warranty; not even for MERCHANTABILITY or FITNESS FOR A PARTICULAR PURPOSE.

configure:3534: $? = 0
configure:3523: arm-linux-androideabi-gcc -v >&5
Using built-in specs.
COLLECT_GCC=arm-linux-androideabi-gcc
COLLECT_LTO_WRAPPER=/home/q56/bld/clutter-android/toolchain/bin/../libexec/gcc/arm-linux-androideabi/4.9/lto-wrapper
Target: arm-linux-androideabi
Configured with: /s/ndk-toolchain/src/build/../gcc/gcc-4.9/configure --prefix=/tmp/ndk-andrewhsieh/build/toolchain/prefix --target=arm-linux-androideabi --host=x86_64-linux-gnu --build=x86_64-linux-gnu --with-gnu-as --with-gnu-ld --enable-languages=c,c++ --with-gmp=/tmp/ndk-andrewhsieh/build/toolchain/temp-install --with-mpfr=/tmp/ndk-andrewhsieh/build/toolchain/temp-install --with-mpc=/tmp/ndk-andrewhsieh/build/toolchain/temp-install --with-cloog=/tmp/ndk-andrewhsieh/build/toolchain/temp-install --with-isl=/tmp/ndk-andrewhsieh/build/toolchain/temp-install --with-ppl=/tmp/ndk-andrewhsieh/build/toolchain/temp-install --disable-ppl-version-check --disable-cloog-version-check --disable-isl-version-check --enable-cloog-backend=isl --with-host-libstdcxx='-static-libgcc -Wl,-Bstatic,-lstdc++,-Bdynamic -lm' --disable-libssp --enable-threads --disable-nls --disable-libmudflap --disable-libgomp --disable-libstdc__-v3 --disable-sjlj-exceptions --disable-shared --disable-tls --disable-libitm --with-float=soft --with-fpu=vfp --with-arch=armv5te --enable-target-optspace --enable-initfini-array --disable-nls --prefix=/tmp/ndk-andrewhsieh/build/toolchain/prefix --with-sysroot=/tmp/ndk-andrewhsieh/build/toolchain/prefix/sysroot --with-binutils-version=2.24 --with-mpfr-version=3.1.1 --with-mpc-version=1.0.1 --with-gmp-version=5.0.5 --with-gcc-version=4.9 --with-gdb-version=7.6 --with-python=/usr/local/google/home/andrewhsieh/mydroid/ndk/prebuilt/linux-x86/bin/python-config.sh --with-gxx-include-dir=/tmp/ndk-andrewhsieh/build/toolchain/prefix/include/c++/4.9 --with-bugurl=http://source.android.com/source/report-bugs.html --enable-languages=c,c++ --disable-bootstrap --enable-plugins --enable-libgomp --disable-libsanitizer --enable-gold --enable-graphite=yes --with-cloog-version=0.18.0 --with-isl-version=0.11.1 --enable-eh-frame-hdr-for-static --with-arch=armv5te --program-transform-name='s&^&arm-linux-androideabi-&' --enable-gold=default
Thread model: posix
gcc version 4.9 20140827 (prerelease) (GCC) 
configure:3534: $? = 0
configure:3523: arm-linux-androideabi-gcc -V >&5
arm-linux-androideabi-gcc: error: unrecognized command line option '-V'
arm-linux-androideabi-gcc: fatal error: no input files
compilation terminated.
configure:3534: $? = 1
configure:3523: arm-linux-androideabi-gcc -qversion >&5
arm-linux-androideabi-gcc: error: unrecognized command line option '-qversion'
arm-linux-androideabi-gcc: fatal error: no input files
compilation terminated.
configure:3534: $? = 1
configure:3554: checking whether the C compiler works
configure:3576: arm-linux-androideabi-gcc    conftest.c  >&5
configure:3580: $? = 0
configure:3628: result: yes
configure:3631: checking for C compiler default output file name
configure:3633: result: a.out
configure:3639: checking for suffix of executables
configure:3646: arm-linux-androideabi-gcc -o conftest    conftest.c  >&5
configure:3650: $? = 0
configure:3672: result: 
configure:3694: checking whether we are cross compiling
configure:3702: arm-linux-androideabi-gcc -o conftest    conftest.c  >&5
configure:3706: $? = 0
configure:3713: ./conftest
./configure: line 3715: ./conftest: cannot execute binary file: Exec format error
configure:3717: $? = 126
configure:3724: error: in `/home/q56/bld/clutter-android/sources/cairo-1.12.2':
configure:3726: error: cannot run C compiled programs.
If you meant to cross compile, use `--host'.
See `config.log' for more details

## ---------------- ##
## Cache variables. ##
## ---------------- ##

ac_cv_env_CCC_set=
ac_cv_env_CCC_value=
ac_cv_env_CC_set=set
ac_cv_env_CC_value=arm-linux-androideabi-gcc
ac_cv_env_CFLAGS_set=set
ac_cv_env_CFLAGS_value=
ac_cv_env_CPPFLAGS_set=
ac_cv_env_CPPFLAGS_value=
ac_cv_env_CPP_set=
ac_cv_env_CPP_value=
ac_cv_env_CXXCPP_set=
ac_cv_env_CXXCPP_value=
ac_cv_env_CXXFLAGS_set=
ac_cv_env_CXXFLAGS_value=
ac_cv_env_CXX_set=set
ac_cv_env_CXX_value=arm-linux-androideabi-g++
ac_cv_env_FONTCONFIG_CFLAGS_set=
ac_cv_env_FONTCONFIG_CFLAGS_value=
ac_cv_env_FONTCONFIG_LIBS_set=
ac_cv_env_FONTCONFIG_LIBS_value=
ac_cv_env_FREETYPE_CFLAGS_set=
ac_cv_env_FREETYPE_CFLAGS_value=
ac_cv_env_FREETYPE_LIBS_set=
ac_cv_env_FREETYPE_LIBS_value=
ac_cv_env_GOBJECT_CFLAGS_set=
ac_cv_env_GOBJECT_CFLAGS_value=
ac_cv_env_GOBJECT_LIBS_set=
ac_cv_env_GOBJECT_LIBS_value=
ac_cv_env_LDFLAGS_set=
ac_cv_env_LDFLAGS_value=
ac_cv_env_LIBRSVG_CFLAGS_set=
ac_cv_env_LIBRSVG_CFLAGS_value=
ac_cv_env_LIBRSVG_LIBS_set=
ac_cv_env_LIBRSVG_LIBS_value=
ac_cv_env_LIBSPECTRE_CFLAGS_set=
ac_cv_env_LIBSPECTRE_CFLAGS_value=
ac_cv_env_LIBSPECTRE_LIBS_set=
ac_cv_env_LIBSPECTRE_LIBS_value=
ac_cv_env_LIBS_set=
ac_cv_env_LIBS_value=
ac_cv_env_LT_SYS_LIBRARY_PATH_set=
ac_cv_env_LT_SYS_LIBRARY_PATH_value=
ac_cv_env_PKG_CONFIG_set=set
ac_cv_env_PKG_CONFIG_value='pkg-config --define-variable=glib_genmarshal=/usr/bin/glib-genmarshal --define-variable=gobject_query=/usr/bin/gobject-query --define-variable=glib_mkenums=/usr/bin/glib-mkenums --define-variable=glib_compile_resources=/usr/bin/glib-compile-resources'
ac_cv_env_POPPLER_CFLAGS_set=
ac_cv_env_POPPLER_CFLAGS_value=
ac_cv_env_POPPLER_LIBS_set=
ac_cv_env_POPPLER_LIBS_value=
ac_cv_env_VALGRIND_CFLAGS_set=
ac_cv_env_VALGRIND_CFLAGS_value=
ac_cv_env_VALGRIND_LIBS_set=
ac_cv_env_VALGRIND_LIBS_value=
ac_cv_env_XMKMF_set=
ac_cv_env_XMKMF_value=
ac_cv_env_build_alias_set=
ac_cv_env_build_alias_value=
ac_cv_env_cogl_CFLAGS_set=
ac_cv_env_cogl_CFLAGS_value=
ac_cv_env_cogl_LIBS_set=
ac_cv_env_cogl_LIBS_value=
ac_cv_env_directfb_CFLAGS_set=
ac_cv_env_directfb_CFLAGS_value=
ac_cv_env_directfb_LIBS_set=
ac_cv_env_directfb_LIBS_value=
ac_cv_env_drm_CFLAGS_set=
ac_cv_env_drm_CFLAGS_value=
ac_cv_env_drm_LIBS_set=
ac_cv_env_drm_LIBS_value=
ac_cv_env_egl_CFLAGS_set=
ac_cv_env_egl_CFLAGS_value=
ac_cv_env_egl_LIBS_set=
ac_cv_env_egl_LIBS_value=
ac_cv_env_gl_CFLAGS_set=
ac_cv_env_gl_CFLAGS_value=
ac_cv_env_gl_LIBS_set=
ac_cv_env_gl_LIBS_value=
ac_cv_env_glesv2_CFLAGS_set=
ac_cv_env_glesv2_CFLAGS_value=
ac_cv_env_glesv2_LIBS_set=
ac_cv_env_glesv2_LIBS_value=
ac_cv_env_glib_CFLAGS_set=
ac_cv_env_glib_CFLAGS_value=
ac_cv_env_glib_LIBS_set=
ac_cv_env_glib_LIBS_value=
ac_cv_env_gtk_CFLAGS_set=
ac_cv_env_gtk_CFLAGS_value=
ac_cv_env_gtk_LIBS_set=
ac_cv_env_gtk_LIBS_value=
ac_cv_env_host_alias_set=
ac_cv_env_host_alias_value=
ac_cv_env_pixman_CFLAGS_set=
ac_cv_env_pixman_CFLAGS_value=
ac_cv_env_pixman_LIBS_set=
ac_cv_env_pixman_LIBS_value=
ac_cv_env_png_CFLAGS_set=
ac_cv_env_png_CFLAGS_value=
ac_cv_env_png_LIBS_set=
ac_cv_env_png_LIBS_value=
ac_cv_env_png_REQUIRES_set=
ac_cv_env_png_REQUIRES_value=
ac_cv_env_qt_CFLAGS_set=
ac_cv_env_qt_CFLAGS_value=
ac_cv_env_qt_LIBS_set=
ac_cv_env_qt_LIBS_value=
ac_cv_env_target_alias_set=
ac_cv_env_target_alias_value=
ac_cv_env_xcb_CFLAGS_set=
ac_cv_env_xcb_CFLAGS_value=
ac_cv_env_xcb_LIBS_set=
ac_cv_env_xcb_LIBS_value=
ac_cv_env_xcb_shm_CFLAGS_set=
ac_cv_env_xcb_shm_CFLAGS_value=
ac_cv_env_xcb_shm_LIBS_set=
ac_cv_env_xcb_shm_LIBS_value=
ac_cv_env_xlib_CFLAGS_set=
ac_cv_env_xlib_CFLAGS_value=
ac_cv_env_xlib_LIBS_set=
ac_cv_env_xlib_LIBS_value=
ac_cv_env_xlib_xcb_CFLAGS_set=
ac_cv_env_xlib_xcb_CFLAGS_value=
ac_cv_env_xlib_xcb_LIBS_set=
ac_cv_env_xlib_xcb_LIBS_value=
ac_cv_env_xlib_xrender_CFLAGS_set=
ac_cv_env_xlib_xrender_CFLAGS_value=
ac_cv_env_xlib_xrender_LIBS_set=
ac_cv_env_xlib_xrender_LIBS_value=
ac_cv_prog_ac_ct_CC=arm-linux-androideabi-gcc
gl_cv_header_working_stdint_h=yes

## ----------------- ##
## Output variables. ##
## ----------------- ##

ACLOCAL=''
AMDEPBACKSLASH=''
AMDEP_FALSE=''
AMDEP_TRUE=''
AMTAR=''
AM_BACKSLASH=''
AM_DEFAULT_V=''
AM_DEFAULT_VERBOSITY=''
AM_V=''
AR=''
AS=''
AUTOCONF=''
AUTOHEADER=''
AUTOMAKE=''
AWK=''
BFD_LIBS=''
BUILD_ANY2PPM_FALSE=''
BUILD_ANY2PPM_TRUE=''
BUILD_CXX_FALSE=''
BUILD_CXX_TRUE=''
BUILD_SPHINX_FALSE=''
BUILD_SPHINX_TRUE=''
CAIROBOILERPLATE_LIBS=''
CAIRO_CAN_TEST_PDF_SURFACE_FALSE=''
CAIRO_CAN_TEST_PDF_SURFACE_TRUE=''
CAIRO_CAN_TEST_PS_SURFACE_FALSE=''
CAIRO_CAN_TEST_PS_SURFACE_TRUE=''
CAIRO_CAN_TEST_SVG_SURFACE_FALSE=''
CAIRO_CAN_TEST_SVG_SURFACE_TRUE=''
CAIRO_CAN_TEST_WIN32_PRINTING_SURFACE_FALSE=''
CAIRO_CAN_TEST_WIN32_PRINTING_SURFACE_TRUE=''
CAIRO_CFLAGS=''
CAIRO_HAS_BEOS_SURFACE_FALSE=''
CAIRO_HAS_BEOS_SURFACE_TRUE=''
CAIRO_HAS_COGL_SURFACE_FALSE=''
CAIRO_HAS_COGL_SURFACE_TRUE=''
CAIRO_HAS_DIRECTFB_SURFACE_FALSE=''
CAIRO_HAS_DIRECTFB_SURFACE_TRUE=''
CAIRO_HAS_DLSYM_FALSE=''
CAIRO_HAS_DLSYM_TRUE=''
CAIRO_HAS_DL_FALSE=''
CAIRO_HAS_DL_TRUE=''
CAIRO_HAS_DRM_SURFACE_FALSE=''
CAIRO_HAS_DRM_SURFACE_TRUE=''
CAIRO_HAS_EGL_FUNCTIONS_FALSE=''
CAIRO_HAS_EGL_FUNCTIONS_TRUE=''
CAIRO_HAS_FC_FONT_FALSE=''
CAIRO_HAS_FC_FONT_TRUE=''
CAIRO_HAS_FT_FONT_FALSE=''
CAIRO_HAS_FT_FONT_TRUE=''
CAIRO_HAS_GALLIUM_SURFACE_FALSE=''
CAIRO_HAS_GALLIUM_SURFACE_TRUE=''
CAIRO_HAS_GLESV2_SURFACE_FALSE=''
CAIRO_HAS_GLESV2_SURFACE_TRUE=''
CAIRO_HAS_GLX_FUNCTIONS_FALSE=''
CAIRO_HAS_GLX_FUNCTIONS_TRUE=''
CAIRO_HAS_GL_SURFACE_FALSE=''
CAIRO_HAS_GL_SURFACE_TRUE=''
CAIRO_HAS_GOBJECT_FUNCTIONS_FALSE=''
CAIRO_HAS_GOBJECT_FUNCTIONS_TRUE=''
CAIRO_HAS_INTERPRETER_FALSE=''
CAIRO_HAS_INTERPRETER_TRUE=''
CAIRO_HAS_LCOV_FALSE=''
CAIRO_HAS_LCOV_TRUE=''
CAIRO_HAS_MULTI_PAGE_SURFACES_FALSE=''
CAIRO_HAS_MULTI_PAGE_SURFACES_TRUE=''
CAIRO_HAS_OS2_SURFACE_FALSE=''
CAIRO_HAS_OS2_SURFACE_TRUE=''
CAIRO_HAS_PDF_SURFACE_FALSE=''
CAIRO_HAS_PDF_SURFACE_TRUE=''
CAIRO_HAS_PNG_FUNCTIONS_FALSE=''
CAIRO_HAS_PNG_FUNCTIONS_TRUE=''
CAIRO_HAS_PS_SURFACE_FALSE=''
CAIRO_HAS_PS_SURFACE_TRUE=''
CAIRO_HAS_PTHREAD_FALSE=''
CAIRO_HAS_PTHREAD_TRUE=''
CAIRO_HAS_QT_SURFACE_FALSE=''
CAIRO_HAS_QT_SURFACE_TRUE=''
CAIRO_HAS_QUARTZ_FONT_FALSE=''
CAIRO_HAS_QUARTZ_FONT_TRUE=''
CAIRO_HAS_QUARTZ_IMAGE_SURFACE_FALSE=''
CAIRO_HAS_QUARTZ_IMAGE_SURFACE_TRUE=''
CAIRO_HAS_QUARTZ_SURFACE_FALSE=''
CAIRO_HAS_QUARTZ_SURFACE_TRUE=''
CAIRO_HAS_SCRIPT_SURFACE_FALSE=''
CAIRO_HAS_SCRIPT_SURFACE_TRUE=''
CAIRO_HAS_SKIA_SURFACE_FALSE=''
CAIRO_HAS_SKIA_SURFACE_TRUE=''
CAIRO_HAS_SPECTRE_FALSE=''
CAIRO_HAS_SPECTRE_TRUE=''
CAIRO_HAS_SVG_SURFACE_FALSE=''
CAIRO_HAS_SVG_SURFACE_TRUE=''
CAIRO_HAS_SYMBOL_LOOKUP_FALSE=''
CAIRO_HAS_SYMBOL_LOOKUP_TRUE=''
CAIRO_HAS_TEE_SURFACE_FALSE=''
CAIRO_HAS_TEE_SURFACE_TRUE=''
CAIRO_HAS_TEST_SURFACES_FALSE=''
CAIRO_HAS_TEST_SURFACES_TRUE=''
CAIRO_HAS_TRACE_FALSE=''
CAIRO_HAS_TRACE_TRUE=''
CAIRO_HAS_VG_SURFACE_FALSE=''
CAIRO_HAS_VG_SURFACE_TRUE=''
CAIRO_HAS_WGL_FUNCTIONS_FALSE=''
CAIRO_HAS_WGL_FUNCTIONS_TRUE=''
CAIRO_HAS_WIN32_FONT_FALSE=''
CAIRO_HAS_WIN32_FONT_TRUE=''
CAIRO_HAS_WIN32_SURFACE_FALSE=''
CAIRO_HAS_WIN32_SURFACE_TRUE=''
CAIRO_HAS_XCB_SHM_FUNCTIONS_FALSE=''
CAIRO_HAS_XCB_SHM_FUNCTIONS_TRUE=''
CAIRO_HAS_XCB_SURFACE_FALSE=''
CAIRO_HAS_XCB_SURFACE_TRUE=''
CAIRO_HAS_XLIB_SURFACE_FALSE=''
CAIRO_HAS_XLIB_SURFACE_TRUE=''
CAIRO_HAS_XLIB_XCB_FUNCTIONS_FALSE=''
CAIRO_HAS_XLIB_XCB_FUNCTIONS_TRUE=''
CAIRO_HAS_XLIB_XRENDER_SURFACE_FALSE=''
CAIRO_HAS_XLIB_XRENDER_SURFACE_TRUE=''
CAIRO_HAS_XML_SURFACE_FALSE=''
CAIRO_HAS_XML_SURFACE_TRUE=''
CAIRO_LDFLAGS=''
CAIRO_LIBS=''
CAIRO_LIBTOOL_VERSION_INFO=''
CAIRO_NONPKGCONFIG_CFLAGS=''
CAIRO_NONPKGCONFIG_LIBS=''
CAIRO_RELEASE_STATUS=''
CAIRO_REQUIRES=''
CAIRO_TEST_MODE=''
CAIRO_TEST_UNDEFINED_LDFLAGS=''
CAIRO_VERSION_MAJOR=''
CAIRO_VERSION_MICRO=''
CAIRO_VERSION_MINOR=''
CAIRO_VERSION_SONUM=''
CC='arm-linux-androideabi-gcc'
CCDEPMODE=''
CFLAGS=''
CPP=''
CPPFLAGS=''
CROSS_COMPILING_FALSE=''
CROSS_COMPILING_TRUE=''
CXX='arm-linux-androideabi-g++'
CXXCPP=''
CXXDEPMODE=''
CXXFLAGS=''
CYGPATH_W=''
DEFS=''
DEPDIR=''
DISABLE_SOME_FLOATING_POINT_FALSE=''
DISABLE_SOME_FLOATING_POINT_TRUE=''
DLLTOOL=''
DSYMUTIL=''
DUMPBIN=''
ECHO_C=''
ECHO_N='-n'
ECHO_T=''
EGREP=''
ENABLE_GTK_DOC_FALSE=''
ENABLE_GTK_DOC_TRUE=''
EXEEXT=''
FGREP=''
FIND=''
FONTCONFIG_CFLAGS=''
FONTCONFIG_LIBS=''
FREETYPE_CFLAGS=''
FREETYPE_CONFIG=''
FREETYPE_LIBS=''
GOBJECT_CFLAGS=''
GOBJECT_LIBS=''
GREP=''
GS=''
GTKDOC_CHECK=''
GTK_DOC_USE_LIBTOOL_FALSE=''
GTK_DOC_USE_LIBTOOL_TRUE=''
HAVE_GTK_FALSE=''
HAVE_GTK_TRUE=''
HAVE_PTHREAD_FALSE=''
HAVE_PTHREAD_TRUE=''
HAVE_REAL_PTHREAD_FALSE=''
HAVE_REAL_PTHREAD_TRUE=''
HAVE_SHM_FALSE=''
HAVE_SHM_TRUE=''
HTML_DIR=''
INSTALL_DATA=''
INSTALL_PROGRAM=''
INSTALL_SCRIPT=''
INSTALL_STRIP_PROGRAM=''
LD=''
LDFLAGS=''
LIBM=''
LIBOBJS=''
LIBRSVG_CFLAGS=''
LIBRSVG_LIBS=''
LIBS=''
LIBSPECTRE_CFLAGS=''
LIBSPECTRE_LIBS=''
LIBTOOL=''
LIPO=''
LN_S=''
LTLIBOBJS=''
LTP=''
LTP_GENHTML=''
LT_SYS_LIBRARY_PATH=''
MAKEINFO=''
MANIFEST_TOOL=''
MKDIR_P=''
NM=''
NMEDIT=''
OBJDUMP=''
OBJEXT=''
OS_WIN32_FALSE=''
OS_WIN32_TRUE=''
OTOOL64=''
OTOOL=''
PACKAGE=''
PACKAGE_BUGREPORT='http://bugs.freedesktop.org/enter_bug.cgi?product=cairo'
PACKAGE_NAME='cairo'
PACKAGE_STRING='cairo 1.12.2'
PACKAGE_TARNAME='cairo'
PACKAGE_URL='http://cairographics.org/'
PACKAGE_VERSION='1.12.2'
PATH_SEPARATOR=':'
PKGCONFIG_REQUIRES=''
PKG_CONFIG='pkg-config --define-variable=glib_genmarshal=/usr/bin/glib-genmarshal --define-variable=gobject_query=/usr/bin/gobject-query --define-variable=glib_mkenums=/usr/bin/glib-mkenums --define-variable=glib_compile_resources=/usr/bin/glib-compile-resources'
POPPLER_CFLAGS=''
POPPLER_LIBS=''
RANLIB=''
SED=''
SET_MAKE=''
SHELL='/bin/bash'
SHLIB_EXT=''
SHM_LIBS=''
SHTOOL=''
STRIP=''
VALGRIND_CFLAGS=''
VALGRIND_LIBS=''
VERSION=''
XARGS=''
XMKMF=''
X_CFLAGS=''
X_EXTRA_LIBS=''
X_LIBS=''
X_PRE_LIBS=''
ac_ct_AR=''
ac_ct_CC='arm-linux-androideabi-gcc'
ac_ct_CXX=''
ac_ct_DUMPBIN=''
am__EXEEXT_FALSE=''
am__EXEEXT_TRUE=''
am__fastdepCC_FALSE=''
am__fastdepCC_TRUE=''
am__fastdepCXX_FALSE=''
am__fastdepCXX_TRUE=''
am__include=''
am__isrc=''
am__leading_dot=''
am__nodep=''
am__quote=''
am__tar=''
am__untar=''
bindir='${exec_prefix}/bin'
build=''
build_alias=''
build_cpu=''
build_os=''
build_vendor=''
cogl_CFLAGS=''
cogl_LIBS=''
datadir='${datarootdir}'
datarootdir='${prefix}/share'
directfb_CFLAGS=''
directfb_LIBS=''
docdir='${datarootdir}/doc/${PACKAGE_TARNAME}'
drm_CFLAGS=''
drm_LIBS=''
dvidir='${docdir}'
egl_CFLAGS=''
egl_LIBS=''
exec_prefix='NONE'
gallium_DIR=''
gl_CFLAGS=''
gl_LIBS=''
glesv2_CFLAGS=''
glesv2_LIBS=''
glib_CFLAGS=''
glib_LIBS=''
gtk_CFLAGS=''
gtk_LIBS=''
host=''
host_alias=''
host_cpu=''
host_os=''
host_vendor=''
htmldir='${docdir}'
includedir='${prefix}/include'
infodir='${datarootdir}/info'
install_sh=''
libdir='${exec_prefix}/lib'
libexecdir='${exec_prefix}/libexec'
localedir='${datarootdir}/locale'
localstatedir='${prefix}/var'
mandir='${datarootdir}/man'
mesa_DIR=''
mkdir_p=''
oldincludedir='/usr/include'
pdfdir='${docdir}'
pixman_CFLAGS=''
pixman_LIBS=''
png_CFLAGS=''
png_LIBS=''
png_REQUIRES=''
prefix='NONE'
program_transform_name='s,x,x,'
psdir='${docdir}'
pthread_CFLAGS=''
pthread_LIBS=''
qt_CFLAGS=''
qt_LIBS=''
real_pthread_CFLAGS=''
real_pthread_LIBS=''
runstatedir='${localstatedir}/run'
sbindir='${exec_prefix}/sbin'
sharedstatedir='${prefix}/com'
shm_LIBS=''
skia_DIR=''
sysconfdir='${prefix}/etc'
target_alias=''
xcb_CFLAGS=''
xcb_LIBS=''
xcb_shm_CFLAGS=''
xcb_shm_LIBS=''
xlib_CFLAGS=''
xlib_LIBS=''
xlib_xcb_CFLAGS=''
xlib_xcb_LIBS=''
xlib_xrender_CFLAGS=''
xlib_xrender_LIBS=''

## ----------- ##
## confdefs.h. ##
## ----------- ##

/* confdefs.h */
#define PACKAGE_NAME "cairo"
#define PACKAGE_TARNAME "cairo"
#define PACKAGE_VERSION "1.12.2"
#define PACKAGE_STRING "cairo 1.12.2"
#define PACKAGE_BUGREPORT "http://bugs.freedesktop.org/enter_bug.cgi?product=cairo"
#define PACKAGE_URL "http://cairographics.org/"

configure: exit 1
